e:\code_pro\qt\rf_control\rf10s\rf_ctrl\rf_ctrl\x64\debug\rf_ctrl.obj
e:\code_pro\qt\rf_control\rf10s\rf_ctrl\rf_ctrl\x64\debug\main.obj
e:\code_pro\qt\rf_control\rf10s\rf_ctrl\rf_ctrl\x64\debug\device.obj
e:\code_pro\qt\rf_control\rf10s\rf_ctrl\rf_ctrl\x64\debug\serial.obj
e:\code_pro\qt\rf_control\rf10s\rf_ctrl\rf_ctrl\x64\debug\reg_operation.obj
e:\code_pro\qt\rf_control\rf10s\rf_ctrl\rf_ctrl\x64\debug\qrc_rf_ctrl.obj
e:\code_pro\qt\rf_control\rf10s\rf_ctrl\rf_ctrl\x64\debug\vc140.pdb
e:\code_pro\qt\rf_control\rf10s\rf_ctrl\rf_ctrl\x64\debug\moc_rf_ctrl.obj
e:\code_pro\qt\rf_control\rf10s\rf_ctrl\x64\debug\rf_ctrl.ilk
e:\code_pro\qt\rf_control\rf10s\rf_ctrl\x64\debug\rf_ctrl.exe
e:\code_pro\qt\rf_control\rf10s\rf_ctrl\x64\debug\rf_ctrl.pdb
e:\code_pro\qt\rf_control\rf10s\rf_ctrl\rf_ctrl\generatedfiles\debug\moc_rf_ctrl.cpp
e:\code_pro\qt\rf_control\rf10s\rf_ctrl\rf_ctrl\generatedfiles\qrc_rf_ctrl.cpp
e:\code_pro\qt\rf_control\rf10s\rf_ctrl\rf_ctrl\generatedfiles\ui_rf_ctrl.h
e:\code_pro\qt\rf_control\rf10s\rf_ctrl\rf_ctrl\x64\debug\rf_ctrl.tlog\cl.command.1.tlog
e:\code_pro\qt\rf_control\rf10s\rf_ctrl\rf_ctrl\x64\debug\rf_ctrl.tlog\cl.read.1.tlog
e:\code_pro\qt\rf_control\rf10s\rf_ctrl\rf_ctrl\x64\debug\rf_ctrl.tlog\cl.write.1.tlog
e:\code_pro\qt\rf_control\rf10s\rf_ctrl\rf_ctrl\x64\debug\rf_ctrl.tlog\link.command.1.tlog
e:\code_pro\qt\rf_control\rf10s\rf_ctrl\rf_ctrl\x64\debug\rf_ctrl.tlog\link.read.1.tlog
e:\code_pro\qt\rf_control\rf10s\rf_ctrl\rf_ctrl\x64\debug\rf_ctrl.tlog\link.write.1.tlog
e:\code_pro\qt\rf_control\rf10s\rf_ctrl\rf_ctrl\x64\debug\rf_ctrl.tlog\rf_ctrl.write.1u.tlog
