  Gardner.cpp
e:\code\vs\vs2015\qpsk_gardner4\gardner\include\detail/ipps.hpp(3415): error C4996: 'ippsFIRGetStateSize_32f': is deprecated. This function is obsolete and will be removed in one of the future IPP releases. Use the following link for details: https://software.intel.com/sites/products/ipp-deprecated-features-feedback/
  D:\Program Files (x86)\Intel\Composer XE 2015\ipp\include\ipps.h(7535): note: see declaration of 'ippsFIRGetStateSize_32f'
e:\code\vs\vs2015\qpsk_gardner4\gardner\include\detail/ipps.hpp(3416): error C4996: 'ippsFIRGetStateSize_32fc': is deprecated. This function is obsolete and will be removed in one of the future IPP releases. Use the following link for details: https://software.intel.com/sites/products/ipp-deprecated-features-feedback/
  D:\Program Files (x86)\Intel\Composer XE 2015\ipp\include\ipps.h(7537): note: see declaration of 'ippsFIRGetStateSize_32fc'
e:\code\vs\vs2015\qpsk_gardner4\gardner\include\detail/ipps.hpp(3417): error C4996: 'ippsFIRGetStateSize_64f': is deprecated. This function is obsolete and will be removed in one of the future IPP releases. Use the following link for details: https://software.intel.com/sites/products/ipp-deprecated-features-feedback/
  D:\Program Files (x86)\Intel\Composer XE 2015\ipp\include\ipps.h(7587): note: see declaration of 'ippsFIRGetStateSize_64f'
e:\code\vs\vs2015\qpsk_gardner4\gardner\include\detail/ipps.hpp(3418): error C4996: 'ippsFIRGetStateSize_64fc': is deprecated. This function is obsolete and will be removed in one of the future IPP releases. Use the following link for details: https://software.intel.com/sites/products/ipp-deprecated-features-feedback/
  D:\Program Files (x86)\Intel\Composer XE 2015\ipp\include\ipps.h(7589): note: see declaration of 'ippsFIRGetStateSize_64fc'
e:\code\vs\vs2015\qpsk_gardner4\gardner\include\detail/ipps.hpp(3420): error C4996: 'ippsFIRInit_32f': is deprecated. This function is obsolete and will be removed in one of the future IPP releases. Use the following link for details: https://software.intel.com/sites/products/ipp-deprecated-features-feedback/
  D:\Program Files (x86)\Intel\Composer XE 2015\ipp\include\ipps.h(7530): note: see declaration of 'ippsFIRInit_32f'
e:\code\vs\vs2015\qpsk_gardner4\gardner\include\detail/ipps.hpp(3421): error C4996: 'ippsFIRInit_32fc': is deprecated. This function is obsolete and will be removed in one of the future IPP releases. Use the following link for details: https://software.intel.com/sites/products/ipp-deprecated-features-feedback/
  D:\Program Files (x86)\Intel\Composer XE 2015\ipp\include\ipps.h(7533): note: see declaration of 'ippsFIRInit_32fc'
e:\code\vs\vs2015\qpsk_gardner4\gardner\include\detail/ipps.hpp(3422): error C4996: 'ippsFIRInit_64f': is deprecated. This function is obsolete and will be removed in one of the future IPP releases. Use the following link for details: https://software.intel.com/sites/products/ipp-deprecated-features-feedback/
  D:\Program Files (x86)\Intel\Composer XE 2015\ipp\include\ipps.h(7582): note: see declaration of 'ippsFIRInit_64f'
e:\code\vs\vs2015\qpsk_gardner4\gardner\include\detail/ipps.hpp(3423): error C4996: 'ippsFIRInit_64fc': is deprecated. This function is obsolete and will be removed in one of the future IPP releases. Use the following link for details: https://software.intel.com/sites/products/ipp-deprecated-features-feedback/
  D:\Program Files (x86)\Intel\Composer XE 2015\ipp\include\ipps.h(7585): note: see declaration of 'ippsFIRInit_64fc'
e:\code\vs\vs2015\qpsk_gardner4\gardner\include\detail/ipps.hpp(3425): error C4996: 'ippsFIRMRGetStateSize_32f': is deprecated. This function is obsolete and will be removed in one of the future IPP releases. Use the following link for details: https://software.intel.com/sites/products/ipp-deprecated-features-feedback/
  D:\Program Files (x86)\Intel\Composer XE 2015\ipp\include\ipps.h(7544): note: see declaration of 'ippsFIRMRGetStateSize_32f'
e:\code\vs\vs2015\qpsk_gardner4\gardner\include\detail/ipps.hpp(3426): error C4996: 'ippsFIRMRGetStateSize_32fc': is deprecated. This function is obsolete and will be removed in one of the future IPP releases. Use the following link for details: https://software.intel.com/sites/products/ipp-deprecated-features-feedback/
  D:\Program Files (x86)\Intel\Composer XE 2015\ipp\include\ipps.h(7547): note: see declaration of 'ippsFIRMRGetStateSize_32fc'
e:\code\vs\vs2015\qpsk_gardner4\gardner\include\detail/ipps.hpp(3427): error C4996: 'ippsFIRMRGetStateSize_64f': is deprecated. This function is obsolete and will be removed in one of the future IPP releases. Use the following link for details: https://software.intel.com/sites/products/ipp-deprecated-features-feedback/
  D:\Program Files (x86)\Intel\Composer XE 2015\ipp\include\ipps.h(7596): note: see declaration of 'ippsFIRMRGetStateSize_64f'
e:\code\vs\vs2015\qpsk_gardner4\gardner\include\detail/ipps.hpp(3428): error C4996: 'ippsFIRMRGetStateSize_64fc': is deprecated. This function is obsolete and will be removed in one of the future IPP releases. Use the following link for details: https://software.intel.com/sites/products/ipp-deprecated-features-feedback/
  D:\Program Files (x86)\Intel\Composer XE 2015\ipp\include\ipps.h(7599): note: see declaration of 'ippsFIRMRGetStateSize_64fc'
e:\code\vs\vs2015\qpsk_gardner4\gardner\include\detail/ipps.hpp(3430): error C4996: 'ippsFIRMRInit_32f': is deprecated. This function is obsolete and will be removed in one of the future IPP releases. Use the following link for details: https://software.intel.com/sites/products/ipp-deprecated-features-feedback/
  D:\Program Files (x86)\Intel\Composer XE 2015\ipp\include\ipps.h(7541): note: see declaration of 'ippsFIRMRInit_32f'
e:\code\vs\vs2015\qpsk_gardner4\gardner\include\detail/ipps.hpp(3431): error C4996: 'ippsFIRMRInit_32fc': is deprecated. This function is obsolete and will be removed in one of the future IPP releases. Use the following link for details: https://software.intel.com/sites/products/ipp-deprecated-features-feedback/
  D:\Program Files (x86)\Intel\Composer XE 2015\ipp\include\ipps.h(7551): note: see declaration of 'ippsFIRMRInit_32fc'
e:\code\vs\vs2015\qpsk_gardner4\gardner\include\detail/ipps.hpp(3432): error C4996: 'ippsFIRMRInit_64f': is deprecated. This function is obsolete and will be removed in one of the future IPP releases. Use the following link for details: https://software.intel.com/sites/products/ipp-deprecated-features-feedback/
  D:\Program Files (x86)\Intel\Composer XE 2015\ipp\include\ipps.h(7593): note: see declaration of 'ippsFIRMRInit_64f'
e:\code\vs\vs2015\qpsk_gardner4\gardner\include\detail/ipps.hpp(3433): error C4996: 'ippsFIRMRInit_64fc': is deprecated. This function is obsolete and will be removed in one of the future IPP releases. Use the following link for details: https://software.intel.com/sites/products/ipp-deprecated-features-feedback/
  D:\Program Files (x86)\Intel\Composer XE 2015\ipp\include\ipps.h(7603): note: see declaration of 'ippsFIRMRInit_64fc'
e:\code\vs\vs2015\qpsk_gardner4\gardner\include\detail/ipps.hpp(3435): error C4996: 'ippsFIR_32f': is deprecated. This function is obsolete and will be removed in one of the future IPP releases. Use the following link for details: https://software.intel.com/sites/products/ipp-deprecated-features-feedback/
  D:\Program Files (x86)\Intel\Composer XE 2015\ipp\include\ipps.h(7945): note: see declaration of 'ippsFIR_32f'
e:\code\vs\vs2015\qpsk_gardner4\gardner\include\detail/ipps.hpp(3436): error C4996: 'ippsFIR_32fc': is deprecated. This function is obsolete and will be removed in one of the future IPP releases. Use the following link for details: https://software.intel.com/sites/products/ipp-deprecated-features-feedback/
  D:\Program Files (x86)\Intel\Composer XE 2015\ipp\include\ipps.h(7948): note: see declaration of 'ippsFIR_32fc'
e:\code\vs\vs2015\qpsk_gardner4\gardner\include\detail/ipps.hpp(3437): error C4996: 'ippsFIR_64f': is deprecated. This function is obsolete and will be removed in one of the future IPP releases. Use the following link for details: https://software.intel.com/sites/products/ipp-deprecated-features-feedback/
  D:\Program Files (x86)\Intel\Composer XE 2015\ipp\include\ipps.h(7973): note: see declaration of 'ippsFIR_64f'
e:\code\vs\vs2015\qpsk_gardner4\gardner\include\detail/ipps.hpp(3438): error C4996: 'ippsFIR_64fc': is deprecated. This function is obsolete and will be removed in one of the future IPP releases. Use the following link for details: https://software.intel.com/sites/products/ipp-deprecated-features-feedback/
  D:\Program Files (x86)\Intel\Composer XE 2015\ipp\include\ipps.h(7976): note: see declaration of 'ippsFIR_64fc'
Gardner.cpp(6): warning C4305: 'initializing': truncation from 'double' to 'float'
Gardner.cpp(7): warning C4305: 'initializing': truncation from 'double' to 'float'
Gardner.cpp(10): warning C4838: conversion from 'double' to 'const float' requires a narrowing conversion
Gardner.cpp(10): warning C4305: 'initializing': truncation from 'double' to 'const float'
Gardner.cpp(95): warning C4244: '=': conversion from 'double' to 'dtype', possible loss of data
  Gardner.cpp(50): note: while compiling class template member function 'void gardner<dtype>::gardner_fnc(T *,T *,T *,T *)'
          with
          [
              T=dtype
          ]
  Gardner.cpp(127): note: see reference to function template instantiation 'void gardner<dtype>::gardner_fnc(T *,T *,T *,T *)' being compiled
          with
          [
              T=dtype
          ]
  Gardner.cpp(126): note: see reference to class template instantiation 'gardner<dtype>' being compiled
Gardner.cpp(102): warning C4244: '=': conversion from 'double' to 'dtype', possible loss of data
  main.cpp
e:\code\vs\vs2015\qpsk_gardner4\gardner\include\detail/ipps.hpp(3415): error C4996: 'ippsFIRGetStateSize_32f': is deprecated. This function is obsolete and will be removed in one of the future IPP releases. Use the following link for details: https://software.intel.com/sites/products/ipp-deprecated-features-feedback/
  D:\Program Files (x86)\Intel\Composer XE 2015\ipp\include\ipps.h(7535): note: see declaration of 'ippsFIRGetStateSize_32f'
e:\code\vs\vs2015\qpsk_gardner4\gardner\include\detail/ipps.hpp(3416): error C4996: 'ippsFIRGetStateSize_32fc': is deprecated. This function is obsolete and will be removed in one of the future IPP releases. Use the following link for details: https://software.intel.com/sites/products/ipp-deprecated-features-feedback/
  D:\Program Files (x86)\Intel\Composer XE 2015\ipp\include\ipps.h(7537): note: see declaration of 'ippsFIRGetStateSize_32fc'
e:\code\vs\vs2015\qpsk_gardner4\gardner\include\detail/ipps.hpp(3417): error C4996: 'ippsFIRGetStateSize_64f': is deprecated. This function is obsolete and will be removed in one of the future IPP releases. Use the following link for details: https://software.intel.com/sites/products/ipp-deprecated-features-feedback/
  D:\Program Files (x86)\Intel\Composer XE 2015\ipp\include\ipps.h(7587): note: see declaration of 'ippsFIRGetStateSize_64f'
e:\code\vs\vs2015\qpsk_gardner4\gardner\include\detail/ipps.hpp(3418): error C4996: 'ippsFIRGetStateSize_64fc': is deprecated. This function is obsolete and will be removed in one of the future IPP releases. Use the following link for details: https://software.intel.com/sites/products/ipp-deprecated-features-feedback/
  D:\Program Files (x86)\Intel\Composer XE 2015\ipp\include\ipps.h(7589): note: see declaration of 'ippsFIRGetStateSize_64fc'
e:\code\vs\vs2015\qpsk_gardner4\gardner\include\detail/ipps.hpp(3420): error C4996: 'ippsFIRInit_32f': is deprecated. This function is obsolete and will be removed in one of the future IPP releases. Use the following link for details: https://software.intel.com/sites/products/ipp-deprecated-features-feedback/
  D:\Program Files (x86)\Intel\Composer XE 2015\ipp\include\ipps.h(7530): note: see declaration of 'ippsFIRInit_32f'
e:\code\vs\vs2015\qpsk_gardner4\gardner\include\detail/ipps.hpp(3421): error C4996: 'ippsFIRInit_32fc': is deprecated. This function is obsolete and will be removed in one of the future IPP releases. Use the following link for details: https://software.intel.com/sites/products/ipp-deprecated-features-feedback/
  D:\Program Files (x86)\Intel\Composer XE 2015\ipp\include\ipps.h(7533): note: see declaration of 'ippsFIRInit_32fc'
e:\code\vs\vs2015\qpsk_gardner4\gardner\include\detail/ipps.hpp(3422): error C4996: 'ippsFIRInit_64f': is deprecated. This function is obsolete and will be removed in one of the future IPP releases. Use the following link for details: https://software.intel.com/sites/products/ipp-deprecated-features-feedback/
  D:\Program Files (x86)\Intel\Composer XE 2015\ipp\include\ipps.h(7582): note: see declaration of 'ippsFIRInit_64f'
e:\code\vs\vs2015\qpsk_gardner4\gardner\include\detail/ipps.hpp(3423): error C4996: 'ippsFIRInit_64fc': is deprecated. This function is obsolete and will be removed in one of the future IPP releases. Use the following link for details: https://software.intel.com/sites/products/ipp-deprecated-features-feedback/
  D:\Program Files (x86)\Intel\Composer XE 2015\ipp\include\ipps.h(7585): note: see declaration of 'ippsFIRInit_64fc'
e:\code\vs\vs2015\qpsk_gardner4\gardner\include\detail/ipps.hpp(3425): error C4996: 'ippsFIRMRGetStateSize_32f': is deprecated. This function is obsolete and will be removed in one of the future IPP releases. Use the following link for details: https://software.intel.com/sites/products/ipp-deprecated-features-feedback/
  D:\Program Files (x86)\Intel\Composer XE 2015\ipp\include\ipps.h(7544): note: see declaration of 'ippsFIRMRGetStateSize_32f'
e:\code\vs\vs2015\qpsk_gardner4\gardner\include\detail/ipps.hpp(3426): error C4996: 'ippsFIRMRGetStateSize_32fc': is deprecated. This function is obsolete and will be removed in one of the future IPP releases. Use the following link for details: https://software.intel.com/sites/products/ipp-deprecated-features-feedback/
  D:\Program Files (x86)\Intel\Composer XE 2015\ipp\include\ipps.h(7547): note: see declaration of 'ippsFIRMRGetStateSize_32fc'
e:\code\vs\vs2015\qpsk_gardner4\gardner\include\detail/ipps.hpp(3427): error C4996: 'ippsFIRMRGetStateSize_64f': is deprecated. This function is obsolete and will be removed in one of the future IPP releases. Use the following link for details: https://software.intel.com/sites/products/ipp-deprecated-features-feedback/
  D:\Program Files (x86)\Intel\Composer XE 2015\ipp\include\ipps.h(7596): note: see declaration of 'ippsFIRMRGetStateSize_64f'
e:\code\vs\vs2015\qpsk_gardner4\gardner\include\detail/ipps.hpp(3428): error C4996: 'ippsFIRMRGetStateSize_64fc': is deprecated. This function is obsolete and will be removed in one of the future IPP releases. Use the following link for details: https://software.intel.com/sites/products/ipp-deprecated-features-feedback/
  D:\Program Files (x86)\Intel\Composer XE 2015\ipp\include\ipps.h(7599): note: see declaration of 'ippsFIRMRGetStateSize_64fc'
e:\code\vs\vs2015\qpsk_gardner4\gardner\include\detail/ipps.hpp(3430): error C4996: 'ippsFIRMRInit_32f': is deprecated. This function is obsolete and will be removed in one of the future IPP releases. Use the following link for details: https://software.intel.com/sites/products/ipp-deprecated-features-feedback/
  D:\Program Files (x86)\Intel\Composer XE 2015\ipp\include\ipps.h(7541): note: see declaration of 'ippsFIRMRInit_32f'
e:\code\vs\vs2015\qpsk_gardner4\gardner\include\detail/ipps.hpp(3431): error C4996: 'ippsFIRMRInit_32fc': is deprecated. This function is obsolete and will be removed in one of the future IPP releases. Use the following link for details: https://software.intel.com/sites/products/ipp-deprecated-features-feedback/
  D:\Program Files (x86)\Intel\Composer XE 2015\ipp\include\ipps.h(7551): note: see declaration of 'ippsFIRMRInit_32fc'
e:\code\vs\vs2015\qpsk_gardner4\gardner\include\detail/ipps.hpp(3432): error C4996: 'ippsFIRMRInit_64f': is deprecated. This function is obsolete and will be removed in one of the future IPP releases. Use the following link for details: https://software.intel.com/sites/products/ipp-deprecated-features-feedback/
  D:\Program Files (x86)\Intel\Composer XE 2015\ipp\include\ipps.h(7593): note: see declaration of 'ippsFIRMRInit_64f'
e:\code\vs\vs2015\qpsk_gardner4\gardner\include\detail/ipps.hpp(3433): error C4996: 'ippsFIRMRInit_64fc': is deprecated. This function is obsolete and will be removed in one of the future IPP releases. Use the following link for details: https://software.intel.com/sites/products/ipp-deprecated-features-feedback/
  D:\Program Files (x86)\Intel\Composer XE 2015\ipp\include\ipps.h(7603): note: see declaration of 'ippsFIRMRInit_64fc'
e:\code\vs\vs2015\qpsk_gardner4\gardner\include\detail/ipps.hpp(3435): error C4996: 'ippsFIR_32f': is deprecated. This function is obsolete and will be removed in one of the future IPP releases. Use the following link for details: https://software.intel.com/sites/products/ipp-deprecated-features-feedback/
  D:\Program Files (x86)\Intel\Composer XE 2015\ipp\include\ipps.h(7945): note: see declaration of 'ippsFIR_32f'
e:\code\vs\vs2015\qpsk_gardner4\gardner\include\detail/ipps.hpp(3436): error C4996: 'ippsFIR_32fc': is deprecated. This function is obsolete and will be removed in one of the future IPP releases. Use the following link for details: https://software.intel.com/sites/products/ipp-deprecated-features-feedback/
  D:\Program Files (x86)\Intel\Composer XE 2015\ipp\include\ipps.h(7948): note: see declaration of 'ippsFIR_32fc'
e:\code\vs\vs2015\qpsk_gardner4\gardner\include\detail/ipps.hpp(3437): error C4996: 'ippsFIR_64f': is deprecated. This function is obsolete and will be removed in one of the future IPP releases. Use the following link for details: https://software.intel.com/sites/products/ipp-deprecated-features-feedback/
  D:\Program Files (x86)\Intel\Composer XE 2015\ipp\include\ipps.h(7973): note: see declaration of 'ippsFIR_64f'
e:\code\vs\vs2015\qpsk_gardner4\gardner\include\detail/ipps.hpp(3438): error C4996: 'ippsFIR_64fc': is deprecated. This function is obsolete and will be removed in one of the future IPP releases. Use the following link for details: https://software.intel.com/sites/products/ipp-deprecated-features-feedback/
  D:\Program Files (x86)\Intel\Composer XE 2015\ipp\include\ipps.h(7976): note: see declaration of 'ippsFIR_64fc'
